--- Pull attempt 1 ---
Error: api error: status 404, content: {
  "error": {
    "code": 404,
    "message": "Requested entity was not found.",
    "status": "NOT_FOUND"
  }
}

--- Pull attempt 2 ---
No diff found in the remote VM.

--- Pull attempt 3 ---
No diff found in the remote VM.

--- Pull attempt 4 ---
diff --git a/frontend/package.json b/frontend/package.json
index e264008..f37a6b4 100644
--- a/frontend/package.json
+++ b/frontend/package.json
@@ -1,33 +1,9 @@
+
 {
-  "name": "frontend",
-  "private": true,
-  "version": "0.0.0",
-  "type": "module",
-  "scripts": {
-    "dev": "vite",
-    "build": "tsc -b && vite build",
-    "lint": "eslint .",
-    "preview": "vite preview"
-  },
-  "dependencies": {
-    "@fluentui/react-components": "^9.72.9",
-    "@fluentui/react-icons": "^2.0.317",
-    "react": "^19.2.0",
-    "react-dom": "^19.2.0",
-    "react-router-dom": "^7.12.0"
-  },
-  "devDependencies": {
-    "@eslint/js": "^9.39.1",
-    "@types/node": "^24.10.1",
-    "@types/react": "^19.2.5",
-    "@types/react-dom": "^19.2.3",
-    "@vitejs/plugin-react": "^5.1.1",
-    "eslint": "^9.39.1",
-    "eslint-plugin-react-hooks": "^7.0.1",
-    "eslint-plugin-react-refresh": "^0.4.24",
-    "globals": "^16.5.0",
-    "typescript": "~5.9.3",
-    "typescript-eslint": "^8.46.4",
-    "vite": "^7.2.4"
-  }
-}
+  name: frontend,
+  private: true,
+  version: 0.0.0,
+  type: module,
+  scripts: {
+    dev: vite,
+    build: tsc
diff --git a/frontend/package.json.bak b/frontend/package.json.bak
new file mode 100644
index 0000000..e264008
--- /dev/null
+++ b/frontend/package.json.bak
@@ -0,0 +1,33 @@
+{
+  "name": "frontend",
+  "private": true,
+  "version": "0.0.0",
+  "type": "module",
+  "scripts": {
+    "dev": "vite",
+    "build": "tsc -b && vite build",
+    "lint": "eslint .",
+    "preview": "vite preview"
+  },
+  "dependencies": {
+    "@fluentui/react-components": "^9.72.9",
+    "@fluentui/react-icons": "^2.0.317",
+    "react": "^19.2.0",
+    "react-dom": "^19.2.0",
+    "react-router-dom": "^7.12.0"
+  },
+  "devDependencies": {
+    "@eslint/js": "^9.39.1",
+    "@types/node": "^24.10.1",
+    "@types/react": "^19.2.5",
+    "@types/react-dom": "^19.2.3",
+    "@vitejs/plugin-react": "^5.1.1",
+    "eslint": "^9.39.1",
+    "eslint-plugin-react-hooks": "^7.0.1",
+    "eslint-plugin-react-refresh": "^0.4.24",
+    "globals": "^16.5.0",
+    "typescript": "~5.9.3",
+    "typescript-eslint": "^8.46.4",
+    "vite": "^7.2.4"
+  }
+}

